[debug] [2021-07-04T08:05:04.793Z] ----------------------------------------------------------------------
[debug] [2021-07-04T08:05:04.796Z] Command:       C:\Program Files\nodejs\node.exe C:\Users\Oleg\AppData\Roaming\npm\node_modules\firebase-tools\lib\bin\firebase.js functions:shell
[debug] [2021-07-04T08:05:04.796Z] CLI Version:   9.14.0
[debug] [2021-07-04T08:05:04.796Z] Platform:      win32
[debug] [2021-07-04T08:05:04.797Z] Node Version:  v14.16.0
[debug] [2021-07-04T08:05:04.798Z] Time:          Sun Jul 04 2021 11:05:04 GMT+0300 (Eastern European Summer Time)
[debug] [2021-07-04T08:05:04.798Z] ----------------------------------------------------------------------
[debug] 
[debug] [2021-07-04T08:05:04.810Z] > command requires scopes: ["email","openid","https://www.googleapis.com/auth/cloudplatformprojects.readonly","https://www.googleapis.com/auth/firebase","https://www.googleapis.com/auth/cloud-platform"]
[debug] [2021-07-04T08:05:04.810Z] > authorizing via signed-in user (oleg.saveniuk@gmail.com)
[debug] [2021-07-04T08:05:04.811Z] [iam] checking project auth-test-b15a1 for permissions ["firebase.projects.get"]
[debug] [2021-07-04T08:05:04.813Z] >>> HTTP REQUEST POST https://cloudresourcemanager.googleapis.com/v1/projects/auth-test-b15a1:testIamPermissions  
 {"permissions":["firebase.projects.get"]}
[debug] [2021-07-04T08:05:05.670Z] <<< HTTP RESPONSE 200 {"content-type":"application/json; charset=UTF-8","vary":"X-Origin, Referer, Origin,Accept-Encoding","date":"Sun, 04 Jul 2021 08:05:05 GMT","server":"ESF","cache-control":"private","x-xss-protection":"0","x-frame-options":"SAMEORIGIN","x-content-type-options":"nosniff","server-timing":"gfet4t7; dur=681","alt-svc":"h3=\":443\"; ma=2592000,h3-29=\":443\"; ma=2592000,h3-T051=\":443\"; ma=2592000,h3-Q050=\":443\"; ma=2592000,h3-Q046=\":443\"; ma=2592000,h3-Q043=\":443\"; ma=2592000,quic=\":443\"; ma=2592000; v=\"46,43\"","accept-ranges":"none","transfer-encoding":"chunked"}
[debug] [2021-07-04T08:05:05.688Z] [functions] Using node@14 from host.
[debug] [2021-07-04T08:05:05.688Z] defaultcredentials: writing to file C:\Users\Oleg\AppData\Roaming\firebase\oleg_saveniuk_gmail.com_application_default_credentials.json
[debug] [2021-07-04T08:05:05.689Z] DEBUG: Setting GAC to C:\Users\Oleg\AppData\Roaming\firebase\oleg_saveniuk_gmail.com_application_default_credentials.json
[debug] [2021-07-04T08:05:05.690Z] > refreshing access token with scopes: []
[debug] [2021-07-04T08:05:05.690Z] >>> HTTP REQUEST POST https://www.googleapis.com/oauth2/v3/token  
 <request body omitted>
[debug] [2021-07-04T08:05:05.859Z] <<< HTTP RESPONSE 200 {"cache-control":"no-cache, no-store, max-age=0, must-revalidate","expires":"Mon, 01 Jan 1990 00:00:00 GMT","date":"Sun, 04 Jul 2021 08:05:06 GMT","pragma":"no-cache","content-type":"application/json; charset=utf-8","vary":"X-Origin, Referer, Origin,Accept-Encoding","server":"scaffolding on HTTPServer2","x-xss-protection":"0","x-frame-options":"SAMEORIGIN","x-content-type-options":"nosniff","alt-svc":"h3=\":443\"; ma=2592000,h3-29=\":443\"; ma=2592000,h3-T051=\":443\"; ma=2592000,h3-Q050=\":443\"; ma=2592000,h3-Q046=\":443\"; ma=2592000,h3-Q043=\":443\"; ma=2592000,quic=\":443\"; ma=2592000; v=\"46,43\"","accept-ranges":"none","transfer-encoding":"chunked"}
[debug] [2021-07-04T08:05:05.882Z] >>> [apiv2][query] GET https://firebase.googleapis.com/v1beta1/projects/auth-test-b15a1/adminSdkConfig [none]
[debug] [2021-07-04T08:05:06.311Z] <<< [apiv2][status] GET https://firebase.googleapis.com/v1beta1/projects/auth-test-b15a1/adminSdkConfig 200
[debug] [2021-07-04T08:05:06.312Z] <<< [apiv2][body] GET https://firebase.googleapis.com/v1beta1/projects/auth-test-b15a1/adminSdkConfig {"projectId":"auth-test-b15a1","databaseURL":"https://auth-test-b15a1-default-rtdb.europe-west1.firebasedatabase.app","storageBucket":"auth-test-b15a1.appspot.com","locationId":"europe-central2"}
[debug] [2021-07-04T08:05:06.333Z] [functions] Watching "D:\Mein\Programming\Web Development\Clouds\Firebase\chat-app\functions" for Cloud Functions...
[debug] [2021-07-04T08:05:06.344Z] DEBUG: [worker-pool] addWorker(~diagnostic~)
[debug] [2021-07-04T08:05:06.345Z] DEBUG: [worker-pool] Adding worker with key ~diagnostic~, total=1
[debug] [2021-07-04T08:05:06.345Z] DEBUG: [worker-pool] submitWork(triggerId=)
[debug] [2021-07-04T08:05:06.345Z] DEBUG: [worker-~diagnostic~-1e852f8f-acd0-4585-ae72-fa13a2993d49]: Assigning socketPath: \\?\pipe\D:\Mein\Programming\Web Development\Clouds\Firebase\chat-app\functions\5432
[debug] [2021-07-04T08:05:06.345Z] DEBUG: [worker-~diagnostic~-1e852f8f-acd0-4585-ae72-fa13a2993d49]: BUSY
[debug] [2021-07-04T08:05:06.503Z] DEBUG: [runtime-status] [5432] Functions runtime initialized. {"cwd":"D:\\Mein\\Programming\\Web Development\\Clouds\\Firebase\\chat-app\\functions","node_version":"14.16.0"}
[debug] [2021-07-04T08:05:06.504Z] DEBUG: [runtime-status] [5432] Disabled runtime features: undefined
[debug] [2021-07-04T08:05:06.506Z] DEBUG: [runtime-status] [5432] Resolved module firebase-admin {"declared":true,"installed":true,"version":"9.10.0","resolution":"D:\\Mein\\Programming\\Web Development\\Clouds\\Firebase\\chat-app\\functions\\node_modules\\firebase-admin\\lib\\index.js"}
[debug] [2021-07-04T08:05:06.507Z] DEBUG: [runtime-status] [5432] Resolved module firebase-functions {"declared":true,"installed":true,"version":"3.14.1","resolution":"D:\\Mein\\Programming\\Web Development\\Clouds\\Firebase\\chat-app\\functions\\node_modules\\firebase-functions\\lib\\index.js"}
[debug] [2021-07-04T08:05:06.508Z] DEBUG: [runtime-status] [5432] Resolved module firebase-functions {"declared":true,"installed":true,"version":"3.14.1","resolution":"D:\\Mein\\Programming\\Web Development\\Clouds\\Firebase\\chat-app\\functions\\node_modules\\firebase-functions\\lib\\index.js"}
[debug] [2021-07-04T08:05:06.509Z] DEBUG: [runtime-status] [5432] Outgoing network have been stubbed. [{"name":"http","status":"mocked"},{"name":"http","status":"mocked"},{"name":"https","status":"mocked"},{"name":"https","status":"mocked"},{"name":"net","status":"mocked"}]
[debug] [2021-07-04T08:05:06.510Z] DEBUG: [runtime-status] [5432] Resolved module firebase-functions {"declared":true,"installed":true,"version":"3.14.1","resolution":"D:\\Mein\\Programming\\Web Development\\Clouds\\Firebase\\chat-app\\functions\\node_modules\\firebase-functions\\lib\\index.js"}
[debug] [2021-07-04T08:05:06.544Z] DEBUG: [runtime-status] [5432] Checked functions.config() {"config":{}}
[debug] [2021-07-04T08:05:06.544Z] DEBUG: [runtime-status] [5432] firebase-functions has been stubbed. {"functionsResolution":{"declared":true,"installed":true,"version":"3.14.1","resolution":"D:\\Mein\\Programming\\Web Development\\Clouds\\Firebase\\chat-app\\functions\\node_modules\\firebase-functions\\lib\\index.js"}}
[debug] [2021-07-04T08:05:06.545Z] DEBUG: [runtime-status] [5432] Resolved module firebase-functions {"declared":true,"installed":true,"version":"3.14.1","resolution":"D:\\Mein\\Programming\\Web Development\\Clouds\\Firebase\\chat-app\\functions\\node_modules\\firebase-functions\\lib\\index.js"}
[debug] [2021-07-04T08:05:06.545Z] DEBUG: [runtime-status] [5432] Resolved module firebase-admin {"declared":true,"installed":true,"version":"9.10.0","resolution":"D:\\Mein\\Programming\\Web Development\\Clouds\\Firebase\\chat-app\\functions\\node_modules\\firebase-admin\\lib\\index.js"}
[debug] [2021-07-04T08:05:06.546Z] DEBUG: [runtime-status] [5432] Resolved module firebase-functions {"declared":true,"installed":true,"version":"3.14.1","resolution":"D:\\Mein\\Programming\\Web Development\\Clouds\\Firebase\\chat-app\\functions\\node_modules\\firebase-functions\\lib\\index.js"}
[debug] [2021-07-04T08:05:06.546Z] DEBUG: [runtime-status] [5432] firebase-admin has been stubbed. {"adminResolution":{"declared":true,"installed":true,"version":"9.10.0","resolution":"D:\\Mein\\Programming\\Web Development\\Clouds\\Firebase\\chat-app\\functions\\node_modules\\firebase-admin\\lib\\index.js"}}
[debug] [2021-07-04T08:05:06.551Z] DEBUG: [runtime-status] [5432] initializeApp(DEFAULT) {"storageBucket":"auth-test-b15a1.appspot.com","databaseURL":"https://auth-test-b15a1-default-rtdb.europe-west1.firebasedatabase.app","projectId":"auth-test-b15a1"}
[warn] !  functions: The Cloud Firestore emulator is not running, so calls to Firestore will affect production. {"metadata":{"emulator":{"name":"functions"},"message":"The Cloud Firestore emulator is not running, so calls to Firestore will affect production."}}
[debug] [2021-07-04T08:05:06.576Z] [functions[us-central1-detectEvilUsers]] function ignored because the firestore emulator does not exist or is not running.
[info] i  functions: Loaded functions: detectEvilUsers 
[warn] !  functions: The following emulators are not running, calls to these services will affect production: firestore, database, pubsub, storage 
[debug] [2021-07-04T08:05:06.589Z] DEBUG: [worker-~diagnostic~-1e852f8f-acd0-4585-ae72-fa13a2993d49]: IDLE
